Using pre-set license
Pro License: NO

 COMMAND LINE ARGUMENTS:
/Applications/Unity/Hub/Editor/2021.1.17f1/Unity.app/Contents/MacOS/Unity
-adb2
-batchMode
-noUpm
-name
AssetImportWorker0
-projectPath
/Users/idonghui/Desktop/unity/TurretDeffence/tabtowerdeffence
-logFile
Logs/AssetImportWorker0.log
-srvPort
65526
Successfully changed project path to: /Users/idonghui/Desktop/unity/TurretDeffence/tabtowerdeffence
/Users/idonghui/Desktop/unity/TurretDeffence/tabtowerdeffence
Using Asset Import Pipeline V2.
Refreshing native plugins compatible for Editor in 106.18 ms, found 2 plugins.
Preloading 0 native plugins for Editor in 0.00 ms.
Initialize engine version: 2021.1.17f1 (03b40fe07a36)
[Subsystems] Discovering subsystems at path /Applications/Unity/Hub/Editor/2021.1.17f1/Unity.app/Contents/Resources/UnitySubsystems
[Subsystems] Discovering subsystems at path /Users/idonghui/Desktop/unity/TurretDeffence/tabtowerdeffence/Assets
GfxDevice: creating device client; threaded=0; jobified=0
2021-09-06 21:26:22.867 Unity[20146:946221] Color LCD preferred device: AMD Radeon Pro 5300M (high power)
2021-09-06 21:26:22.867 Unity[20146:946221] Metal devices available: 2
2021-09-06 21:26:22.867 Unity[20146:946221] 0: AMD Radeon Pro 5300M (high power)
2021-09-06 21:26:22.867 Unity[20146:946221] 1: Intel(R) UHD Graphics 630 (low power)
2021-09-06 21:26:22.867 Unity[20146:946221] Using device AMD Radeon Pro 5300M (high power)
Initializing Metal device caps: AMD Radeon Pro 5300M
Initialize mono
Mono path[0] = '/Applications/Unity/Hub/Editor/2021.1.17f1/Unity.app/Contents/Managed'
Mono path[1] = '/Applications/Unity/Hub/Editor/2021.1.17f1/Unity.app/Contents/MonoBleedingEdge/lib/mono/unityjit'
Mono config path = '/Applications/Unity/Hub/Editor/2021.1.17f1/Unity.app/Contents/MonoBleedingEdge/etc'
Using monoOptions --debugger-agent=transport=dt_socket,embedding=1,server=y,suspend=n,address=127.0.0.1:56146
Begin MonoManager ReloadAssembly
Registering precompiled unity dll's ...
Register platform support module: /Applications/Unity/Hub/Editor/2021.1.17f1/Unity.app/Contents/PlaybackEngines/MacStandaloneSupport/UnityEditor.OSXStandalone.Extensions.dll
Registered in 0.001528 seconds.
Native extension for OSXStandalone target not found
Refreshing native plugins compatible for Editor in 85.05 ms, found 2 plugins.
Preloading 0 native plugins for Editor in 0.00 ms.
Mono: successfully reloaded assembly
- Completed reload, in  4.744 seconds
Domain Reload Profiling:
	ReloadAssembly (4744ms)
		BeginReloadAssembly (104ms)
			ExecutionOrderSort (0ms)
			DisableScriptedObjects (0ms)
			BackupInstance (0ms)
			ReleaseScriptingObjects (0ms)
			CreateAndSetChildDomain (1ms)
		EndReloadAssembly (548ms)
			LoadAssemblies (104ms)
			RebuildTransferFunctionScriptingTraits (0ms)
			SetupTypeCache (218ms)
			ReleaseScriptCaches (0ms)
			RebuildScriptCaches (39ms)
			SetupLoadedEditorAssemblies (242ms)
				LogAssemblyErrors (0ms)
				InitializePlatformSupportModulesInManaged (6ms)
				SetLoadedEditorAssemblies (0ms)
				RefreshPlugins (85ms)
				BeforeProcessingInitializeOnLoad (1ms)
				ProcessInitializeOnLoadAttributes (117ms)
				ProcessInitializeOnLoadMethodAttributes (33ms)
				AfterProcessingInitializeOnLoad (0ms)
				EditorAssembliesLoaded (0ms)
			ExecutionOrderSort2 (0ms)
			AwakeInstancesAfterBackupRestoration (0ms)
Platform modules already initialized, skipping
Registering precompiled user dll's ...
Registered in 0.012004 seconds.
Begin MonoManager ReloadAssembly
Symbol file LoadedFromMemory doesn't match image /Users/idonghui/Desktop/unity/TurretDeffence/tabtowerdeffence/Library/PackageCache/com.unity.visualscripting@1.6.1/Editor/VisualScripting.Core/Dependencies/YamlDotNet/Unity.VisualScripting.YamlDotNet.dll
Symbol file LoadedFromMemory doesn't match image /Users/idonghui/Desktop/unity/TurretDeffence/tabtowerdeffence/Library/PackageCache/com.unity.visualscripting@1.6.1/Editor/VisualScripting.Core/Dependencies/DotNetZip/Unity.VisualScripting.IonicZip.dll
Native extension for OSXStandalone target not found
Refreshing native plugins compatible for Editor in 0.66 ms, found 2 plugins.
Preloading 0 native plugins for Editor in 0.00 ms.
Mono: successfully reloaded assembly
- Completed reload, in  1.384 seconds
Domain Reload Profiling:
	ReloadAssembly (1384ms)
		BeginReloadAssembly (166ms)
			ExecutionOrderSort (0ms)
			DisableScriptedObjects (5ms)
			BackupInstance (0ms)
			ReleaseScriptingObjects (0ms)
			CreateAndSetChildDomain (34ms)
		EndReloadAssembly (1153ms)
			LoadAssemblies (98ms)
			RebuildTransferFunctionScriptingTraits (0ms)
			SetupTypeCache (440ms)
			ReleaseScriptCaches (1ms)
			RebuildScriptCaches (71ms)
			SetupLoadedEditorAssemblies (422ms)
				LogAssemblyErrors (0ms)
				InitializePlatformSupportModulesInManaged (4ms)
				SetLoadedEditorAssemblies (0ms)
				RefreshPlugins (1ms)
				BeforeProcessingInitializeOnLoad (59ms)
				ProcessInitializeOnLoadAttributes (350ms)
				ProcessInitializeOnLoadMethodAttributes (6ms)
				AfterProcessingInitializeOnLoad (1ms)
				EditorAssembliesLoaded (0ms)
			ExecutionOrderSort2 (0ms)
			AwakeInstancesAfterBackupRestoration (8ms)
Platform modules already initialized, skipping
========================================================================
Worker process is ready to serve import requests
Launching external process: /Applications/Unity/Hub/Editor/2021.1.17f1/Unity.app/Contents/Tools/UnityShaderCompiler
Launched and connected shader compiler UnityShaderCompiler after 0.02 seconds
Refreshing native plugins compatible for Editor in 0.70 ms, found 2 plugins.
Preloading 0 native plugins for Editor in 0.00 ms.
Unloading 3186 Unused Serialized files (Serialized files now loaded: 0)
System memory in use before: 254.0 MB.
System memory in use after: 254.2 MB.

Unloading 24 unused Assets to reduce memory usage. Loaded Objects now: 3668.
Total: 3.578549 ms (FindLiveObjects: 0.245154 ms CreateObjectMapping: 0.163233 ms MarkObjects: 3.098454 ms  DeleteObjects: 0.070669 ms)

AssetImportParameters requested are different than current active one (requested -> active):
  custom:video-decoder-ogg-theora: a1e56fd34408186e4bbccfd4996cb3dc -> 
  custom:container-muxer-webm: aa71ff27fc2769a1b78a27578f13a17b -> 
  custom:container-demuxer-webm: 4f35f7cbe854078d1ac9338744f61a02 -> 
  custom:container-demuxer-ogg: 62fdf1f143b41e24485cea50d1cbac27 -> 
  custom:video-encoder-webm-vp8: eb34c28f22e8b96e1ab97ce403110664 -> 
  custom:framework-osx-AVFoundation: e770b220cccbd017edd2c1fefb359320 -> 
  custom:video-decoder-webm-vp8: 9c59270c3fd7afecdb556c50c9e8de78 -> 
  custom:audio-decoder-ogg-vorbis: bf7c407c2cedff20999df2af8eb42d56 -> 
  custom:audio-encoder-webm-vorbis: bf7c407c2cedff20999df2af8eb42d56 -> 
========================================================================
Received Import Request.
  path: Assets/Texture/Wolf.png
  artifactKey: Guid(8ff1a5cf0b75044698bc2f08b75cc962) Importer(815301076,1909f56bfc062723c751e8b465ee728b)
Start importing Assets/Texture/Wolf.png using Guid(8ff1a5cf0b75044698bc2f08b75cc962) Importer(815301076,1909f56bfc062723c751e8b465ee728b)  -> (artifact id: '7de995e9a19cbb0513abbe36eace26ba') in 0.848211 seconds 
========================================================================
Received Import Request.
  Time since last request: 15.222963 seconds.
  path: Assets/Prefabs/Monster/Goblin 1.prefab
  artifactKey: Guid(75dcaf05546dc455d8d28c9ebc6dfac7) Importer(815301076,1909f56bfc062723c751e8b465ee728b)
Start importing Assets/Prefabs/Monster/Goblin 1.prefab using Guid(75dcaf05546dc455d8d28c9ebc6dfac7) Importer(815301076,1909f56bfc062723c751e8b465ee728b)  -> (artifact id: 'd9d32d1b95f2a93f284f00c2952d1367') in 1.232463 seconds 
========================================================================
Received Import Request.
  Time since last request: 9.963460 seconds.
  path: Assets/Prefabs/Monster/Goblin Boss.prefab
  artifactKey: Guid(75dcaf05546dc455d8d28c9ebc6dfac7) Importer(815301076,1909f56bfc062723c751e8b465ee728b)
Start importing Assets/Prefabs/Monster/Goblin Boss.prefab using Guid(75dcaf05546dc455d8d28c9ebc6dfac7) Importer(815301076,1909f56bfc062723c751e8b465ee728b)  -> (artifact id: '1c8c0c0164c9ab1110cf6a451a5301d0') in 0.265925 seconds 
========================================================================
Received Import Request.
  Time since last request: 0.359002 seconds.
  path: Assets/Prefabs/Monster/HoboGoblin 1.prefab
  artifactKey: Guid(28ff7c71bd24b4e72adeb273c556d8ec) Importer(815301076,1909f56bfc062723c751e8b465ee728b)
Start importing Assets/Prefabs/Monster/HoboGoblin 1.prefab using Guid(28ff7c71bd24b4e72adeb273c556d8ec) Importer(815301076,1909f56bfc062723c751e8b465ee728b)  -> (artifact id: '62b8a1d2cc703acadbff97e69c8ce924') in 0.401308 seconds 
========================================================================
Received Import Request.
  Time since last request: 3.061231 seconds.
  path: Assets/Prefabs/Monster/HoboGoblin Boss.prefab
  artifactKey: Guid(28ff7c71bd24b4e72adeb273c556d8ec) Importer(815301076,1909f56bfc062723c751e8b465ee728b)
Start importing Assets/Prefabs/Monster/HoboGoblin Boss.prefab using Guid(28ff7c71bd24b4e72adeb273c556d8ec) Importer(815301076,1909f56bfc062723c751e8b465ee728b)  -> (artifact id: '21c6e55e9c037c56f48c65168588f90a') in 0.378284 seconds 
========================================================================
Received Import Request.
  Time since last request: 0.156829 seconds.
  path: Assets/Prefabs/Monster/Troll 1.prefab
  artifactKey: Guid(fd26192e9b3a34733b212acfc4c7a4dd) Importer(815301076,1909f56bfc062723c751e8b465ee728b)
Start importing Assets/Prefabs/Monster/Troll 1.prefab using Guid(fd26192e9b3a34733b212acfc4c7a4dd) Importer(815301076,1909f56bfc062723c751e8b465ee728b)  -> (artifact id: 'c3501f7dc77a84c1b8ad82b2894af1eb') in 0.388515 seconds 
========================================================================
Received Import Request.
  Time since last request: 2.966097 seconds.
  path: Assets/Prefabs/Monster/Troll Boss.prefab
  artifactKey: Guid(fd26192e9b3a34733b212acfc4c7a4dd) Importer(815301076,1909f56bfc062723c751e8b465ee728b)
Start importing Assets/Prefabs/Monster/Troll Boss.prefab using Guid(fd26192e9b3a34733b212acfc4c7a4dd) Importer(815301076,1909f56bfc062723c751e8b465ee728b)  -> (artifact id: 'eb84ce6f04d05aa3618c2ad9bfc02a78') in 0.374117 seconds 
========================================================================
Received Import Request.
  Time since last request: 0.169497 seconds.
  path: Assets/Prefabs/Monster/Wolf 1.prefab
  artifactKey: Guid(44a3ef341d3474731bce9faf504c5d18) Importer(815301076,1909f56bfc062723c751e8b465ee728b)
Start importing Assets/Prefabs/Monster/Wolf 1.prefab using Guid(44a3ef341d3474731bce9faf504c5d18) Importer(815301076,1909f56bfc062723c751e8b465ee728b)  -> (artifact id: '55ea45bff2d35b41520cfce5ef95995c') in 0.201123 seconds 
========================================================================
Received Import Request.
  Time since last request: 2.599543 seconds.
  path: Assets/Prefabs/Monster/Wolf Boss.prefab
  artifactKey: Guid(44a3ef341d3474731bce9faf504c5d18) Importer(815301076,1909f56bfc062723c751e8b465ee728b)
Start importing Assets/Prefabs/Monster/Wolf Boss.prefab using Guid(44a3ef341d3474731bce9faf504c5d18) Importer(815301076,1909f56bfc062723c751e8b465ee728b)  -> (artifact id: 'e6a69e7a9d6cb48ab9e44ae31e132ac2') in 0.199264 seconds 
========================================================================
Received Import Request.
  Time since last request: 12.847940 seconds.
  path: Assets/Prefabs/Monster/Goblin Boss.prefab
  artifactKey: Guid(75dcaf05546dc455d8d28c9ebc6dfac7) Importer(815301076,1909f56bfc062723c751e8b465ee728b)
Start importing Assets/Prefabs/Monster/Goblin Boss.prefab using Guid(75dcaf05546dc455d8d28c9ebc6dfac7) Importer(815301076,1909f56bfc062723c751e8b465ee728b)  -> (artifact id: '96e11d13c907a2505c613121089c2b01') in 0.262892 seconds 
========================================================================
Received Import Request.
  Time since last request: 2.096504 seconds.
  path: Assets/Prefabs/Monster/Goblin Boss.prefab
  artifactKey: Guid(75dcaf05546dc455d8d28c9ebc6dfac7) Importer(815301076,1909f56bfc062723c751e8b465ee728b)
Start importing Assets/Prefabs/Monster/Goblin Boss.prefab using Guid(75dcaf05546dc455d8d28c9ebc6dfac7) Importer(815301076,1909f56bfc062723c751e8b465ee728b)  -> (artifact id: '295f68d55abfd4c6523976c8ddf1f144') in 0.264487 seconds 
========================================================================
Received Import Request.
  Time since last request: 19.079543 seconds.
  path: Assets/Prefabs/Monster/Wolf Boss.prefab
  artifactKey: Guid(44a3ef341d3474731bce9faf504c5d18) Importer(815301076,1909f56bfc062723c751e8b465ee728b)
Start importing Assets/Prefabs/Monster/Wolf Boss.prefab using Guid(44a3ef341d3474731bce9faf504c5d18) Importer(815301076,1909f56bfc062723c751e8b465ee728b)  -> (artifact id: '4cd9f93d85d6d0653307c9f196e91420') in 0.207100 seconds 
========================================================================
Received Import Request.
  Time since last request: 0.000125 seconds.
  path: Assets/Prefabs/Monster/Wolf Boss.prefab
  artifactKey: Guid(44a3ef341d3474731bce9faf504c5d18) Importer(815301076,1909f56bfc062723c751e8b465ee728b)
Start importing Assets/Prefabs/Monster/Wolf Boss.prefab using Guid(44a3ef341d3474731bce9faf504c5d18) Importer(815301076,1909f56bfc062723c751e8b465ee728b)  -> (artifact id: 'de0074c97cfa48ff935f005fcbdc82e6') in 0.193866 seconds 
========================================================================
Received Import Request.
  Time since last request: 9.382941 seconds.
  path: Assets/Prefabs/Monster/Troll Boss.prefab
  artifactKey: Guid(fd26192e9b3a34733b212acfc4c7a4dd) Importer(815301076,1909f56bfc062723c751e8b465ee728b)
Start importing Assets/Prefabs/Monster/Troll Boss.prefab using Guid(fd26192e9b3a34733b212acfc4c7a4dd) Importer(815301076,1909f56bfc062723c751e8b465ee728b)  -> (artifact id: '6511acab4107beeabad78c6943803d3e') in 0.393308 seconds 
========================================================================
Received Import Request.
  Time since last request: 0.000168 seconds.
  path: Assets/Prefabs/Monster/Troll Boss.prefab
  artifactKey: Guid(fd26192e9b3a34733b212acfc4c7a4dd) Importer(815301076,1909f56bfc062723c751e8b465ee728b)
Start importing Assets/Prefabs/Monster/Troll Boss.prefab using Guid(fd26192e9b3a34733b212acfc4c7a4dd) Importer(815301076,1909f56bfc062723c751e8b465ee728b)  -> (artifact id: 'd553a4e103cb6d95f34efabd77597e0c') in 0.383911 seconds 
========================================================================
Received Import Request.
  Time since last request: 0.000142 seconds.
  path: Assets/Prefabs/Monster/HoboGoblin Boss.prefab
  artifactKey: Guid(28ff7c71bd24b4e72adeb273c556d8ec) Importer(815301076,1909f56bfc062723c751e8b465ee728b)
Start importing Assets/Prefabs/Monster/HoboGoblin Boss.prefab using Guid(28ff7c71bd24b4e72adeb273c556d8ec) Importer(815301076,1909f56bfc062723c751e8b465ee728b)  -> (artifact id: '9ca9ddc259a99be65ed88208df385f00') in 0.377434 seconds 
========================================================================
Received Import Request.
  Time since last request: 3.031953 seconds.
  path: Assets/Prefabs/Monster/Goblin Boss.prefab
  artifactKey: Guid(75dcaf05546dc455d8d28c9ebc6dfac7) Importer(815301076,1909f56bfc062723c751e8b465ee728b)
Start importing Assets/Prefabs/Monster/Goblin Boss.prefab using Guid(75dcaf05546dc455d8d28c9ebc6dfac7) Importer(815301076,1909f56bfc062723c751e8b465ee728b)  -> (artifact id: 'b3ba5541b4d9b4f6da509367a4df27ee') in 0.288856 seconds 
========================================================================
Received Import Request.
  Time since last request: 1.536097 seconds.
  path: Assets/Prefabs/Monster/Goblin Boss.prefab
  artifactKey: Guid(75dcaf05546dc455d8d28c9ebc6dfac7) Importer(815301076,1909f56bfc062723c751e8b465ee728b)
Start importing Assets/Prefabs/Monster/Goblin Boss.prefab using Guid(75dcaf05546dc455d8d28c9ebc6dfac7) Importer(815301076,1909f56bfc062723c751e8b465ee728b)  -> (artifact id: '186240cfa0a20d550d6a4c9816abde1d') in 0.259972 seconds 
========================================================================
Received Import Request.
  Time since last request: 3.282580 seconds.
  path: Assets/Prefabs/Monster/Goblin Boss.prefab
  artifactKey: Guid(75dcaf05546dc455d8d28c9ebc6dfac7) Importer(815301076,1909f56bfc062723c751e8b465ee728b)
Start importing Assets/Prefabs/Monster/Goblin Boss.prefab using Guid(75dcaf05546dc455d8d28c9ebc6dfac7) Importer(815301076,1909f56bfc062723c751e8b465ee728b)  -> (artifact id: 'fab15336543d86a8113ceea6a299e123') in 0.262514 seconds 
========================================================================
Received Import Request.
  Time since last request: 22.562083 seconds.
  path: Assets/Prefabs/Monster/Wolf Boss.prefab
  artifactKey: Guid(44a3ef341d3474731bce9faf504c5d18) Importer(815301076,1909f56bfc062723c751e8b465ee728b)
Start importing Assets/Prefabs/Monster/Wolf Boss.prefab using Guid(44a3ef341d3474731bce9faf504c5d18) Importer(815301076,1909f56bfc062723c751e8b465ee728b)  -> (artifact id: 'cee135f8fd1c0f9be129bccbb0cb8bfe') in 0.197606 seconds 
========================================================================
Received Import Request.
  Time since last request: 1.028322 seconds.
  path: Assets/Prefabs/Monster/Goblin Boss.prefab
  artifactKey: Guid(75dcaf05546dc455d8d28c9ebc6dfac7) Importer(815301076,1909f56bfc062723c751e8b465ee728b)
Start importing Assets/Prefabs/Monster/Goblin Boss.prefab using Guid(75dcaf05546dc455d8d28c9ebc6dfac7) Importer(815301076,1909f56bfc062723c751e8b465ee728b)  -> (artifact id: '485922078353a84a8e3e5b53e6288eff') in 0.265469 seconds 
========================================================================
Received Import Request.
  Time since last request: 1.108257 seconds.
  path: Assets/Prefabs/Monster/HoboGoblin Boss.prefab
  artifactKey: Guid(28ff7c71bd24b4e72adeb273c556d8ec) Importer(815301076,1909f56bfc062723c751e8b465ee728b)
Start importing Assets/Prefabs/Monster/HoboGoblin Boss.prefab using Guid(28ff7c71bd24b4e72adeb273c556d8ec) Importer(815301076,1909f56bfc062723c751e8b465ee728b)  -> (artifact id: 'b74099053fdd0c07a174b046fff5bd64') in 0.374145 seconds 
========================================================================
Received Import Request.
  Time since last request: 20.269678 seconds.
  path: Assets/Prefabs/Monster/Troll Boss.prefab
  artifactKey: Guid(fd26192e9b3a34733b212acfc4c7a4dd) Importer(815301076,1909f56bfc062723c751e8b465ee728b)
Start importing Assets/Prefabs/Monster/Troll Boss.prefab using Guid(fd26192e9b3a34733b212acfc4c7a4dd) Importer(815301076,1909f56bfc062723c751e8b465ee728b)  -> (artifact id: 'ca6e3885fa88f0a14eb2a1b177269244') in 0.378122 seconds 
========================================================================
Received Import Request.
  Time since last request: 5.482316 seconds.
  path: Assets/Prefabs/Monster/Troll Boss.prefab
  artifactKey: Guid(fd26192e9b3a34733b212acfc4c7a4dd) Importer(815301076,1909f56bfc062723c751e8b465ee728b)
Start importing Assets/Prefabs/Monster/Troll Boss.prefab using Guid(fd26192e9b3a34733b212acfc4c7a4dd) Importer(815301076,1909f56bfc062723c751e8b465ee728b)  -> (artifact id: '4f2e9a4598b73617f4b0f0cd1defd56e') in 0.365979 seconds 
========================================================================
Received Import Request.
  Time since last request: 4.397170 seconds.
  path: Assets/Prefabs/Monster/Wolf Boss.prefab
  artifactKey: Guid(44a3ef341d3474731bce9faf504c5d18) Importer(815301076,1909f56bfc062723c751e8b465ee728b)
Start importing Assets/Prefabs/Monster/Wolf Boss.prefab using Guid(44a3ef341d3474731bce9faf504c5d18) Importer(815301076,1909f56bfc062723c751e8b465ee728b)  -> (artifact id: 'eea9d28d70656480c4c44126cc4e8fca') in 0.194816 seconds 
========================================================================
Received Import Request.
  Time since last request: 3.640062 seconds.
  path: Assets/Prefabs/Monster/HoboGoblin Boss.prefab
  artifactKey: Guid(28ff7c71bd24b4e72adeb273c556d8ec) Importer(815301076,1909f56bfc062723c751e8b465ee728b)
Start importing Assets/Prefabs/Monster/HoboGoblin Boss.prefab using Guid(28ff7c71bd24b4e72adeb273c556d8ec) Importer(815301076,1909f56bfc062723c751e8b465ee728b)  -> (artifact id: '7cf55a9ec1093df567439c4fe5eb2ebb') in 0.382489 seconds 
========================================================================
Received Import Request.
  Time since last request: 3.155205 seconds.
  path: Assets/Prefabs/Monster/Goblin Boss.prefab
  artifactKey: Guid(75dcaf05546dc455d8d28c9ebc6dfac7) Importer(815301076,1909f56bfc062723c751e8b465ee728b)
Start importing Assets/Prefabs/Monster/Goblin Boss.prefab using Guid(75dcaf05546dc455d8d28c9ebc6dfac7) Importer(815301076,1909f56bfc062723c751e8b465ee728b)  -> (artifact id: '6961f96e9f3c8edc762539d9c2a0f934') in 0.265913 seconds 
========================================================================
Received Import Request.
  Time since last request: 3.188213 seconds.
  path: Assets/Prefabs/Monster/Goblin Boss.prefab
  artifactKey: Guid(75dcaf05546dc455d8d28c9ebc6dfac7) Importer(815301076,1909f56bfc062723c751e8b465ee728b)
Start importing Assets/Prefabs/Monster/Goblin Boss.prefab using Guid(75dcaf05546dc455d8d28c9ebc6dfac7) Importer(815301076,1909f56bfc062723c751e8b465ee728b)  -> (artifact id: '72c5857207882966e9ad0db22c3427f3') in 0.259700 seconds 
========================================================================
Received Import Request.
  Time since last request: 8.120049 seconds.
  path: Assets/Prefabs/Monster/Wolf Boss.prefab
  artifactKey: Guid(44a3ef341d3474731bce9faf504c5d18) Importer(815301076,1909f56bfc062723c751e8b465ee728b)
Start importing Assets/Prefabs/Monster/Wolf Boss.prefab using Guid(44a3ef341d3474731bce9faf504c5d18) Importer(815301076,1909f56bfc062723c751e8b465ee728b)  -> (artifact id: 'f3e741cb75fdeed40c109ddb8a697dbe') in 0.196298 seconds 
========================================================================
Received Import Request.
  Time since last request: 2.665589 seconds.
  path: Assets/Prefabs/Monster/Troll Boss.prefab
  artifactKey: Guid(fd26192e9b3a34733b212acfc4c7a4dd) Importer(815301076,1909f56bfc062723c751e8b465ee728b)
Start importing Assets/Prefabs/Monster/Troll Boss.prefab using Guid(fd26192e9b3a34733b212acfc4c7a4dd) Importer(815301076,1909f56bfc062723c751e8b465ee728b)  -> (artifact id: '60f9c5e70dc636522fe30c5c1e357293') in 0.379085 seconds 
========================================================================
Received Import Request.
  Time since last request: 2.911068 seconds.
  path: Assets/Prefabs/Monster/HoboGoblin Boss.prefab
  artifactKey: Guid(28ff7c71bd24b4e72adeb273c556d8ec) Importer(815301076,1909f56bfc062723c751e8b465ee728b)
Start importing Assets/Prefabs/Monster/HoboGoblin Boss.prefab using Guid(28ff7c71bd24b4e72adeb273c556d8ec) Importer(815301076,1909f56bfc062723c751e8b465ee728b)  -> (artifact id: '48a1448532e423018cb20c153054f437') in 0.376515 seconds 
========================================================================
Received Import Request.
  Time since last request: 7.118343 seconds.
  path: Assets/Prefabs/Monster/Goblin Boss.prefab
  artifactKey: Guid(75dcaf05546dc455d8d28c9ebc6dfac7) Importer(815301076,1909f56bfc062723c751e8b465ee728b)
Start importing Assets/Prefabs/Monster/Goblin Boss.prefab using Guid(75dcaf05546dc455d8d28c9ebc6dfac7) Importer(815301076,1909f56bfc062723c751e8b465ee728b)  -> (artifact id: 'eeef4c24871168c6dcb9d0781eb4731e') in 0.264410 seconds 
========================================================================
Received Import Request.
  Time since last request: 5.136873 seconds.
  path: Assets/Prefabs/Monster/HoboGoblin Boss.prefab
  artifactKey: Guid(28ff7c71bd24b4e72adeb273c556d8ec) Importer(815301076,1909f56bfc062723c751e8b465ee728b)
Start importing Assets/Prefabs/Monster/HoboGoblin Boss.prefab using Guid(28ff7c71bd24b4e72adeb273c556d8ec) Importer(815301076,1909f56bfc062723c751e8b465ee728b)  -> (artifact id: 'b92373d2ba2d42e0e4e87e4a2c03ef26') in 0.383004 seconds 
========================================================================
Received Import Request.
  Time since last request: 2.208494 seconds.
  path: Assets/Prefabs/Monster/Troll Boss.prefab
  artifactKey: Guid(fd26192e9b3a34733b212acfc4c7a4dd) Importer(815301076,1909f56bfc062723c751e8b465ee728b)
Start importing Assets/Prefabs/Monster/Troll Boss.prefab using Guid(fd26192e9b3a34733b212acfc4c7a4dd) Importer(815301076,1909f56bfc062723c751e8b465ee728b)  -> (artifact id: '11f20f2a6c414258f7d1a8726eb7d3ba') in 0.376442 seconds 
========================================================================
Received Import Request.
  Time since last request: 3.441756 seconds.
  path: Assets/Prefabs/Monster/Wolf Boss.prefab
  artifactKey: Guid(44a3ef341d3474731bce9faf504c5d18) Importer(815301076,1909f56bfc062723c751e8b465ee728b)
Start importing Assets/Prefabs/Monster/Wolf Boss.prefab using Guid(44a3ef341d3474731bce9faf504c5d18) Importer(815301076,1909f56bfc062723c751e8b465ee728b)  -> (artifact id: '783de14fc9b728f28ab9f72dddf8d38a') in 0.200982 seconds 
========================================================================
Received Import Request.
  Time since last request: 3.221910 seconds.
  path: Assets/Prefabs/Monster/Wolf Boss.prefab
  artifactKey: Guid(44a3ef341d3474731bce9faf504c5d18) Importer(815301076,1909f56bfc062723c751e8b465ee728b)
Start importing Assets/Prefabs/Monster/Wolf Boss.prefab using Guid(44a3ef341d3474731bce9faf504c5d18) Importer(815301076,1909f56bfc062723c751e8b465ee728b)  -> (artifact id: '06efcf1a0388e1a7dfd83d7522f5478d') in 0.200200 seconds 
========================================================================
Received Import Request.
  Time since last request: 4.154806 seconds.
  path: Assets/Prefabs/Monster/Goblin Boss.prefab
  artifactKey: Guid(75dcaf05546dc455d8d28c9ebc6dfac7) Importer(815301076,1909f56bfc062723c751e8b465ee728b)
Start importing Assets/Prefabs/Monster/Goblin Boss.prefab using Guid(75dcaf05546dc455d8d28c9ebc6dfac7) Importer(815301076,1909f56bfc062723c751e8b465ee728b)  -> (artifact id: 'ef481d009410997803b7897a187045df') in 0.264577 seconds 
========================================================================
Received Import Request.
  Time since last request: 53.880949 seconds.
  path: Assets/Scripts/GameManager.cs
  artifactKey: Guid(ae312101116f5463ea3762d6d76eb42f) Importer(815301076,1909f56bfc062723c751e8b465ee728b)
Start importing Assets/Scripts/GameManager.cs using Guid(ae312101116f5463ea3762d6d76eb42f) Importer(815301076,1909f56bfc062723c751e8b465ee728b)  -> (artifact id: '7fa6ea935c6e8cc627e0bb05490bb3ba') in 2.032700 seconds 
========================================================================
Received Import Request.
  Time since last request: 12.598856 seconds.
  path: Assets/Scripts/GameManager.cs
  artifactKey: Guid(ae312101116f5463ea3762d6d76eb42f) Importer(815301076,1909f56bfc062723c751e8b465ee728b)
Start importing Assets/Scripts/GameManager.cs using Guid(ae312101116f5463ea3762d6d76eb42f) Importer(815301076,1909f56bfc062723c751e8b465ee728b)  -> (artifact id: 'eb8bac96e0e45b74547f844cda265488') in 0.003318 seconds 
========================================================================
Received Prepare
Registering precompiled user dll's ...
Registered in 0.004620 seconds.
Begin MonoManager ReloadAssembly
Symbol file LoadedFromMemory doesn't match image /Users/idonghui/Desktop/unity/TurretDeffence/tabtowerdeffence/Library/PackageCache/com.unity.visualscripting@1.6.1/Editor/VisualScripting.Core/Dependencies/YamlDotNet/Unity.VisualScripting.YamlDotNet.dll
Symbol file LoadedFromMemory doesn't match image /Users/idonghui/Desktop/unity/TurretDeffence/tabtowerdeffence/Library/PackageCache/com.unity.visualscripting@1.6.1/Editor/VisualScripting.Core/Dependencies/DotNetZip/Unity.VisualScripting.IonicZip.dll
Native extension for OSXStandalone target not found
Refreshing native plugins compatible for Editor in 0.67 ms, found 2 plugins.
Preloading 0 native plugins for Editor in 0.00 ms.
Mono: successfully reloaded assembly
- Completed reload, in  1.300 seconds
Domain Reload Profiling:
	ReloadAssembly (1320ms)
		BeginReloadAssembly (165ms)
			ExecutionOrderSort (0ms)
			DisableScriptedObjects (6ms)
			BackupInstance (0ms)
			ReleaseScriptingObjects (0ms)
			CreateAndSetChildDomain (73ms)
		EndReloadAssembly (1085ms)
			LoadAssemblies (78ms)
			RebuildTransferFunctionScriptingTraits (0ms)
			SetupTypeCache (450ms)
			ReleaseScriptCaches (1ms)
			RebuildScriptCaches (59ms)
			SetupLoadedEditorAssemblies (365ms)
				LogAssemblyErrors (0ms)
				InitializePlatformSupportModulesInManaged (4ms)
				SetLoadedEditorAssemblies (0ms)
				RefreshPlugins (1ms)
				BeforeProcessingInitializeOnLoad (44ms)
				ProcessInitializeOnLoadAttributes (310ms)
				ProcessInitializeOnLoadMethodAttributes (5ms)
				AfterProcessingInitializeOnLoad (1ms)
				EditorAssembliesLoaded (0ms)
			ExecutionOrderSort2 (0ms)
			AwakeInstancesAfterBackupRestoration (13ms)
Platform modules already initialized, skipping
Switching build target platform(2) subTarget(0) extendedPlatform(0) -> platform(13) subTarget(65536) extendedPlatform(0)
Refreshing native plugins compatible for Editor in 0.76 ms, found 2 plugins.
Preloading 0 native plugins for Editor in 0.00 ms.
Unloading 3168 Unused Serialized files (Serialized files now loaded: 0)
System memory in use before: 270.3 MB.
System memory in use after: 270.5 MB.

Unloading 21 unused Assets to reduce memory usage. Loaded Objects now: 3695.
Total: 3.696176 ms (FindLiveObjects: 0.266113 ms CreateObjectMapping: 0.156864 ms MarkObjects: 3.247196 ms  DeleteObjects: 0.025097 ms)

AssetImportParameters requested are different than current active one (requested -> active):
  custom:video-decoder-ogg-theora: a1e56fd34408186e4bbccfd4996cb3dc -> 
  custom:container-muxer-webm: aa71ff27fc2769a1b78a27578f13a17b -> 
  custom:container-demuxer-webm: 4f35f7cbe854078d1ac9338744f61a02 -> 
  custom:container-demuxer-ogg: 62fdf1f143b41e24485cea50d1cbac27 -> 
  custom:video-encoder-webm-vp8: eb34c28f22e8b96e1ab97ce403110664 -> 
  custom:framework-osx-AVFoundation: e770b220cccbd017edd2c1fefb359320 -> 
  custom:video-decoder-webm-vp8: 9c59270c3fd7afecdb556c50c9e8de78 -> 
  custom:graphics/normal-map-encoding: 01000000000000000000000000000000 -> 02000000000000000000000000000000
  custom:audio-decoder-ogg-vorbis: bf7c407c2cedff20999df2af8eb42d56 -> 
  custom:audio-encoder-webm-vorbis: bf7c407c2cedff20999df2af8eb42d56 -> 
========================================================================
Received Import Request.
  Time since last request: 26.589976 seconds.
  path: Assets/Scripts/GameManager.cs
  artifactKey: Guid(ae312101116f5463ea3762d6d76eb42f) Importer(815301076,1909f56bfc062723c751e8b465ee728b)
Start importing Assets/Scripts/GameManager.cs using Guid(ae312101116f5463ea3762d6d76eb42f) Importer(815301076,1909f56bfc062723c751e8b465ee728b)  -> (artifact id: '940c5f417ea835a1c8bbf63de8d0d80b') in 0.010156 seconds 
========================================================================
Received Prepare
Registering precompiled user dll's ...
Registered in 0.005785 seconds.
Begin MonoManager ReloadAssembly
Symbol file LoadedFromMemory doesn't match image /Users/idonghui/Desktop/unity/TurretDeffence/tabtowerdeffence/Library/PackageCache/com.unity.visualscripting@1.6.1/Editor/VisualScripting.Core/Dependencies/YamlDotNet/Unity.VisualScripting.YamlDotNet.dll
Symbol file LoadedFromMemory doesn't match image /Users/idonghui/Desktop/unity/TurretDeffence/tabtowerdeffence/Library/PackageCache/com.unity.visualscripting@1.6.1/Editor/VisualScripting.Core/Dependencies/DotNetZip/Unity.VisualScripting.IonicZip.dll
Native extension for OSXStandalone target not found
Refreshing native plugins compatible for Editor in 0.68 ms, found 2 plugins.
Preloading 0 native plugins for Editor in 0.00 ms.
Mono: successfully reloaded assembly
- Completed reload, in  1.227 seconds
Domain Reload Profiling:
	ReloadAssembly (1239ms)
		BeginReloadAssembly (177ms)
			ExecutionOrderSort (0ms)
			DisableScriptedObjects (6ms)
			BackupInstance (0ms)
			ReleaseScriptingObjects (0ms)
			CreateAndSetChildDomain (98ms)
		EndReloadAssembly (997ms)
			LoadAssemblies (75ms)
			RebuildTransferFunctionScriptingTraits (0ms)
			SetupTypeCache (391ms)
			ReleaseScriptCaches (1ms)
			RebuildScriptCaches (53ms)
			SetupLoadedEditorAssemblies (351ms)
				LogAssemblyErrors (0ms)
				InitializePlatformSupportModulesInManaged (4ms)
				SetLoadedEditorAssemblies (0ms)
				RefreshPlugins (1ms)
				BeforeProcessingInitializeOnLoad (40ms)
				ProcessInitializeOnLoadAttributes (299ms)
				ProcessInitializeOnLoadMethodAttributes (5ms)
				AfterProcessingInitializeOnLoad (1ms)
				EditorAssembliesLoaded (0ms)
			ExecutionOrderSort2 (0ms)
			AwakeInstancesAfterBackupRestoration (13ms)
Platform modules already initialized, skipping
Switching build target platform(2) subTarget(0) extendedPlatform(0) -> platform(13) subTarget(65536) extendedPlatform(0)
Refreshing native plugins compatible for Editor in 0.64 ms, found 2 plugins.
Preloading 0 native plugins for Editor in 0.00 ms.
Unloading 3167 Unused Serialized files (Serialized files now loaded: 0)
System memory in use before: 270.7 MB.
System memory in use after: 270.9 MB.

Unloading 19 unused Assets to reduce memory usage. Loaded Objects now: 3698.
Total: 3.299727 ms (FindLiveObjects: 0.221536 ms CreateObjectMapping: 0.145634 ms MarkObjects: 2.917801 ms  DeleteObjects: 0.014060 ms)

AssetImportParameters requested are different than current active one (requested -> active):
  custom:video-decoder-ogg-theora: a1e56fd34408186e4bbccfd4996cb3dc -> 
  custom:container-muxer-webm: aa71ff27fc2769a1b78a27578f13a17b -> 
  custom:container-demuxer-webm: 4f35f7cbe854078d1ac9338744f61a02 -> 
  custom:container-demuxer-ogg: 62fdf1f143b41e24485cea50d1cbac27 -> 
  custom:video-encoder-webm-vp8: eb34c28f22e8b96e1ab97ce403110664 -> 
  custom:framework-osx-AVFoundation: e770b220cccbd017edd2c1fefb359320 -> 
  custom:video-decoder-webm-vp8: 9c59270c3fd7afecdb556c50c9e8de78 -> 
  custom:graphics/normal-map-encoding: 01000000000000000000000000000000 -> 02000000000000000000000000000000
  custom:audio-decoder-ogg-vorbis: bf7c407c2cedff20999df2af8eb42d56 -> 
  custom:audio-encoder-webm-vorbis: bf7c407c2cedff20999df2af8eb42d56 -> 
========================================================================
Received Import Request.
  Time since last request: 89.963174 seconds.
  path: Assets/Scripts/GameManager.cs
  artifactKey: Guid(ae312101116f5463ea3762d6d76eb42f) Importer(815301076,1909f56bfc062723c751e8b465ee728b)
Start importing Assets/Scripts/GameManager.cs using Guid(ae312101116f5463ea3762d6d76eb42f) Importer(815301076,1909f56bfc062723c751e8b465ee728b)  -> (artifact id: '57848bcf542cade2017f553a01f14539') in 0.010826 seconds 
========================================================================
Received Prepare
Registering precompiled user dll's ...
Registered in 0.003309 seconds.
Begin MonoManager ReloadAssembly
Symbol file LoadedFromMemory doesn't match image /Users/idonghui/Desktop/unity/TurretDeffence/tabtowerdeffence/Library/PackageCache/com.unity.visualscripting@1.6.1/Editor/VisualScripting.Core/Dependencies/YamlDotNet/Unity.VisualScripting.YamlDotNet.dll
Symbol file LoadedFromMemory doesn't match image /Users/idonghui/Desktop/unity/TurretDeffence/tabtowerdeffence/Library/PackageCache/com.unity.visualscripting@1.6.1/Editor/VisualScripting.Core/Dependencies/DotNetZip/Unity.VisualScripting.IonicZip.dll
Native extension for OSXStandalone target not found
Refreshing native plugins compatible for Editor in 0.67 ms, found 2 plugins.
Preloading 0 native plugins for Editor in 0.00 ms.
Mono: successfully reloaded assembly
- Completed reload, in  1.365 seconds
Domain Reload Profiling:
	ReloadAssembly (1366ms)
		BeginReloadAssembly (150ms)
			ExecutionOrderSort (0ms)
			DisableScriptedObjects (6ms)
			BackupInstance (0ms)
			ReleaseScriptingObjects (0ms)
			CreateAndSetChildDomain (76ms)
		EndReloadAssembly (1147ms)
			LoadAssemblies (85ms)
			RebuildTransferFunctionScriptingTraits (0ms)
			SetupTypeCache (465ms)
			ReleaseScriptCaches (1ms)
			RebuildScriptCaches (61ms)
			SetupLoadedEditorAssemblies (397ms)
				LogAssemblyErrors (0ms)
				InitializePlatformSupportModulesInManaged (5ms)
				SetLoadedEditorAssemblies (0ms)
				RefreshPlugins (1ms)
				BeforeProcessingInitializeOnLoad (46ms)
				ProcessInitializeOnLoadAttributes (338ms)
				ProcessInitializeOnLoadMethodAttributes (5ms)
				AfterProcessingInitializeOnLoad (2ms)
				EditorAssembliesLoaded (0ms)
			ExecutionOrderSort2 (0ms)
			AwakeInstancesAfterBackupRestoration (15ms)
Platform modules already initialized, skipping
Switching build target platform(2) subTarget(0) extendedPlatform(0) -> platform(13) subTarget(65536) extendedPlatform(0)
Refreshing native plugins compatible for Editor in 0.74 ms, found 2 plugins.
Preloading 0 native plugins for Editor in 0.00 ms.
Unloading 3167 Unused Serialized files (Serialized files now loaded: 0)
System memory in use before: 270.9 MB.
System memory in use after: 271.1 MB.

Unloading 19 unused Assets to reduce memory usage. Loaded Objects now: 3701.
Total: 3.328824 ms (FindLiveObjects: 0.231809 ms CreateObjectMapping: 0.155815 ms MarkObjects: 2.924238 ms  DeleteObjects: 0.016181 ms)

AssetImportParameters requested are different than current active one (requested -> active):
  custom:video-decoder-ogg-theora: a1e56fd34408186e4bbccfd4996cb3dc -> 
  custom:container-muxer-webm: aa71ff27fc2769a1b78a27578f13a17b -> 
  custom:container-demuxer-webm: 4f35f7cbe854078d1ac9338744f61a02 -> 
  custom:container-demuxer-ogg: 62fdf1f143b41e24485cea50d1cbac27 -> 
  custom:video-encoder-webm-vp8: eb34c28f22e8b96e1ab97ce403110664 -> 
  custom:framework-osx-AVFoundation: e770b220cccbd017edd2c1fefb359320 -> 
  custom:video-decoder-webm-vp8: 9c59270c3fd7afecdb556c50c9e8de78 -> 
  custom:graphics/normal-map-encoding: 01000000000000000000000000000000 -> 02000000000000000000000000000000
  custom:audio-decoder-ogg-vorbis: bf7c407c2cedff20999df2af8eb42d56 -> 
  custom:audio-encoder-webm-vorbis: bf7c407c2cedff20999df2af8eb42d56 -> 
========================================================================
Received Import Request.
  Time since last request: 134.767012 seconds.
  path: Assets/Scripts/GameManager.cs
  artifactKey: Guid(ae312101116f5463ea3762d6d76eb42f) Importer(815301076,1909f56bfc062723c751e8b465ee728b)
Start importing Assets/Scripts/GameManager.cs using Guid(ae312101116f5463ea3762d6d76eb42f) Importer(815301076,1909f56bfc062723c751e8b465ee728b)  -> (artifact id: '5d3abdb3167ad1f3ec612fd80e229239') in 0.007468 seconds 
========================================================================
Received Prepare
Registering precompiled user dll's ...
Registered in 0.005739 seconds.
Begin MonoManager ReloadAssembly
Symbol file LoadedFromMemory doesn't match image /Users/idonghui/Desktop/unity/TurretDeffence/tabtowerdeffence/Library/PackageCache/com.unity.visualscripting@1.6.1/Editor/VisualScripting.Core/Dependencies/YamlDotNet/Unity.VisualScripting.YamlDotNet.dll
Symbol file LoadedFromMemory doesn't match image /Users/idonghui/Desktop/unity/TurretDeffence/tabtowerdeffence/Library/PackageCache/com.unity.visualscripting@1.6.1/Editor/VisualScripting.Core/Dependencies/DotNetZip/Unity.VisualScripting.IonicZip.dll
Native extension for OSXStandalone target not found
Refreshing native plugins compatible for Editor in 0.67 ms, found 2 plugins.
Preloading 0 native plugins for Editor in 0.00 ms.
Mono: successfully reloaded assembly
- Completed reload, in  1.243 seconds
Domain Reload Profiling:
	ReloadAssembly (1244ms)
		BeginReloadAssembly (146ms)
			ExecutionOrderSort (0ms)
			DisableScriptedObjects (6ms)
			BackupInstance (0ms)
			ReleaseScriptingObjects (0ms)
			CreateAndSetChildDomain (75ms)
		EndReloadAssembly (1027ms)
			LoadAssemblies (83ms)
			RebuildTransferFunctionScriptingTraits (0ms)
			SetupTypeCache (414ms)
			ReleaseScriptCaches (1ms)
			RebuildScriptCaches (53ms)
			SetupLoadedEditorAssemblies (356ms)
				LogAssemblyErrors (0ms)
				InitializePlatformSupportModulesInManaged (5ms)
				SetLoadedEditorAssemblies (0ms)
				RefreshPlugins (1ms)
				BeforeProcessingInitializeOnLoad (43ms)
				ProcessInitializeOnLoadAttributes (301ms)
				ProcessInitializeOnLoadMethodAttributes (5ms)
				AfterProcessingInitializeOnLoad (1ms)
				EditorAssembliesLoaded (0ms)
			ExecutionOrderSort2 (0ms)
			AwakeInstancesAfterBackupRestoration (12ms)
Platform modules already initialized, skipping
Switching build target platform(2) subTarget(0) extendedPlatform(0) -> platform(13) subTarget(65536) extendedPlatform(0)
Refreshing native plugins compatible for Editor in 0.70 ms, found 2 plugins.
Preloading 0 native plugins for Editor in 0.00 ms.
Unloading 3167 Unused Serialized files (Serialized files now loaded: 0)
System memory in use before: 271.2 MB.
System memory in use after: 271.4 MB.

Unloading 19 unused Assets to reduce memory usage. Loaded Objects now: 3704.
Total: 3.294369 ms (FindLiveObjects: 0.236363 ms CreateObjectMapping: 0.118377 ms MarkObjects: 2.924650 ms  DeleteObjects: 0.014153 ms)

AssetImportParameters requested are different than current active one (requested -> active):
  custom:video-decoder-ogg-theora: a1e56fd34408186e4bbccfd4996cb3dc -> 
  custom:container-muxer-webm: aa71ff27fc2769a1b78a27578f13a17b -> 
  custom:container-demuxer-webm: 4f35f7cbe854078d1ac9338744f61a02 -> 
  custom:container-demuxer-ogg: 62fdf1f143b41e24485cea50d1cbac27 -> 
  custom:video-encoder-webm-vp8: eb34c28f22e8b96e1ab97ce403110664 -> 
  custom:framework-osx-AVFoundation: e770b220cccbd017edd2c1fefb359320 -> 
  custom:video-decoder-webm-vp8: 9c59270c3fd7afecdb556c50c9e8de78 -> 
  custom:graphics/normal-map-encoding: 01000000000000000000000000000000 -> 02000000000000000000000000000000
  custom:audio-decoder-ogg-vorbis: bf7c407c2cedff20999df2af8eb42d56 -> 
  custom:audio-encoder-webm-vorbis: bf7c407c2cedff20999df2af8eb42d56 -> 
========================================================================
Received Prepare
Registering precompiled user dll's ...
Registered in 0.007111 seconds.
Begin MonoManager ReloadAssembly
Symbol file LoadedFromMemory doesn't match image /Users/idonghui/Desktop/unity/TurretDeffence/tabtowerdeffence/Library/PackageCache/com.unity.visualscripting@1.6.1/Editor/VisualScripting.Core/Dependencies/YamlDotNet/Unity.VisualScripting.YamlDotNet.dll
Symbol file LoadedFromMemory doesn't match image /Users/idonghui/Desktop/unity/TurretDeffence/tabtowerdeffence/Library/PackageCache/com.unity.visualscripting@1.6.1/Editor/VisualScripting.Core/Dependencies/DotNetZip/Unity.VisualScripting.IonicZip.dll
Native extension for OSXStandalone target not found
Refreshing native plugins compatible for Editor in 0.85 ms, found 2 plugins.
Preloading 0 native plugins for Editor in 0.00 ms.
Mono: successfully reloaded assembly
- Completed reload, in  1.376 seconds
Domain Reload Profiling:
	ReloadAssembly (1376ms)
		BeginReloadAssembly (168ms)
			ExecutionOrderSort (0ms)
			DisableScriptedObjects (6ms)
			BackupInstance (0ms)
			ReleaseScriptingObjects (0ms)
			CreateAndSetChildDomain (94ms)
		EndReloadAssembly (1122ms)
			LoadAssemblies (103ms)
			RebuildTransferFunctionScriptingTraits (0ms)
			SetupTypeCache (479ms)
			ReleaseScriptCaches (1ms)
			RebuildScriptCaches (54ms)
			SetupLoadedEditorAssemblies (361ms)
				LogAssemblyErrors (0ms)
				InitializePlatformSupportModulesInManaged (4ms)
				SetLoadedEditorAssemblies (0ms)
				RefreshPlugins (1ms)
				BeforeProcessingInitializeOnLoad (42ms)
				ProcessInitializeOnLoadAttributes (307ms)
				ProcessInitializeOnLoadMethodAttributes (5ms)
				AfterProcessingInitializeOnLoad (2ms)
				EditorAssembliesLoaded (0ms)
			ExecutionOrderSort2 (0ms)
			AwakeInstancesAfterBackupRestoration (13ms)
Platform modules already initialized, skipping
Switching build target platform(2) subTarget(0) extendedPlatform(0) -> platform(13) subTarget(65536) extendedPlatform(0)
Refreshing native plugins compatible for Editor in 0.67 ms, found 2 plugins.
Preloading 0 native plugins for Editor in 0.00 ms.
Unloading 3167 Unused Serialized files (Serialized files now loaded: 0)
System memory in use before: 271.4 MB.
System memory in use after: 271.7 MB.

Unloading 19 unused Assets to reduce memory usage. Loaded Objects now: 3707.
Total: 3.213027 ms (FindLiveObjects: 0.211531 ms CreateObjectMapping: 0.124548 ms MarkObjects: 2.862045 ms  DeleteObjects: 0.014102 ms)

AssetImportParameters requested are different than current active one (requested -> active):
  custom:video-decoder-ogg-theora: a1e56fd34408186e4bbccfd4996cb3dc -> 
  custom:container-muxer-webm: aa71ff27fc2769a1b78a27578f13a17b -> 
  custom:container-demuxer-webm: 4f35f7cbe854078d1ac9338744f61a02 -> 
  custom:container-demuxer-ogg: 62fdf1f143b41e24485cea50d1cbac27 -> 
  custom:video-encoder-webm-vp8: eb34c28f22e8b96e1ab97ce403110664 -> 
  custom:framework-osx-AVFoundation: e770b220cccbd017edd2c1fefb359320 -> 
  custom:video-decoder-webm-vp8: 9c59270c3fd7afecdb556c50c9e8de78 -> 
  custom:graphics/normal-map-encoding: 01000000000000000000000000000000 -> 02000000000000000000000000000000
  custom:audio-decoder-ogg-vorbis: bf7c407c2cedff20999df2af8eb42d56 -> 
  custom:audio-encoder-webm-vorbis: bf7c407c2cedff20999df2af8eb42d56 -> 
========================================================================
Received Prepare
Registering precompiled user dll's ...
Registered in 0.005732 seconds.
Begin MonoManager ReloadAssembly
Symbol file LoadedFromMemory doesn't match image /Users/idonghui/Desktop/unity/TurretDeffence/tabtowerdeffence/Library/PackageCache/com.unity.visualscripting@1.6.1/Editor/VisualScripting.Core/Dependencies/YamlDotNet/Unity.VisualScripting.YamlDotNet.dll
Symbol file LoadedFromMemory doesn't match image /Users/idonghui/Desktop/unity/TurretDeffence/tabtowerdeffence/Library/PackageCache/com.unity.visualscripting@1.6.1/Editor/VisualScripting.Core/Dependencies/DotNetZip/Unity.VisualScripting.IonicZip.dll
Native extension for OSXStandalone target not found
Refreshing native plugins compatible for Editor in 0.76 ms, found 2 plugins.
Preloading 0 native plugins for Editor in 0.00 ms.
Mono: successfully reloaded assembly
- Completed reload, in  1.302 seconds
Domain Reload Profiling:
	ReloadAssembly (1302ms)
		BeginReloadAssembly (145ms)
			ExecutionOrderSort (0ms)
			DisableScriptedObjects (7ms)
			BackupInstance (0ms)
			ReleaseScriptingObjects (0ms)
			CreateAndSetChildDomain (73ms)
		EndReloadAssembly (1087ms)
			LoadAssemblies (83ms)
			RebuildTransferFunctionScriptingTraits (0ms)
			SetupTypeCache (433ms)
			ReleaseScriptCaches (1ms)
			RebuildScriptCaches (55ms)
			SetupLoadedEditorAssemblies (374ms)
				LogAssemblyErrors (0ms)
				InitializePlatformSupportModulesInManaged (4ms)
				SetLoadedEditorAssemblies (1ms)
				RefreshPlugins (1ms)
				BeforeProcessingInitializeOnLoad (44ms)
				ProcessInitializeOnLoadAttributes (316ms)
				ProcessInitializeOnLoadMethodAttributes (5ms)
				AfterProcessingInitializeOnLoad (2ms)
				EditorAssembliesLoaded (0ms)
			ExecutionOrderSort2 (0ms)
			AwakeInstancesAfterBackupRestoration (14ms)
Platform modules already initialized, skipping
Switching build target platform(2) subTarget(0) extendedPlatform(0) -> platform(13) subTarget(65536) extendedPlatform(0)
Refreshing native plugins compatible for Editor in 0.70 ms, found 2 plugins.
Preloading 0 native plugins for Editor in 0.00 ms.
Unloading 3167 Unused Serialized files (Serialized files now loaded: 0)
System memory in use before: 271.7 MB.
System memory in use after: 271.9 MB.

Unloading 19 unused Assets to reduce memory usage. Loaded Objects now: 3710.
Total: 3.472620 ms (FindLiveObjects: 0.232951 ms CreateObjectMapping: 0.144184 ms MarkObjects: 3.078659 ms  DeleteObjects: 0.016020 ms)

AssetImportParameters requested are different than current active one (requested -> active):
  custom:video-decoder-ogg-theora: a1e56fd34408186e4bbccfd4996cb3dc -> 
  custom:container-muxer-webm: aa71ff27fc2769a1b78a27578f13a17b -> 
  custom:container-demuxer-webm: 4f35f7cbe854078d1ac9338744f61a02 -> 
  custom:container-demuxer-ogg: 62fdf1f143b41e24485cea50d1cbac27 -> 
  custom:video-encoder-webm-vp8: eb34c28f22e8b96e1ab97ce403110664 -> 
  custom:framework-osx-AVFoundation: e770b220cccbd017edd2c1fefb359320 -> 
  custom:video-decoder-webm-vp8: 9c59270c3fd7afecdb556c50c9e8de78 -> 
  custom:graphics/normal-map-encoding: 01000000000000000000000000000000 -> 02000000000000000000000000000000
  custom:audio-decoder-ogg-vorbis: bf7c407c2cedff20999df2af8eb42d56 -> 
  custom:audio-encoder-webm-vorbis: bf7c407c2cedff20999df2af8eb42d56 -> 
========================================================================
Received Prepare
Registering precompiled user dll's ...
Registered in 0.006090 seconds.
Begin MonoManager ReloadAssembly
Symbol file LoadedFromMemory doesn't match image /Users/idonghui/Desktop/unity/TurretDeffence/tabtowerdeffence/Library/PackageCache/com.unity.visualscripting@1.6.1/Editor/VisualScripting.Core/Dependencies/YamlDotNet/Unity.VisualScripting.YamlDotNet.dll
Symbol file LoadedFromMemory doesn't match image /Users/idonghui/Desktop/unity/TurretDeffence/tabtowerdeffence/Library/PackageCache/com.unity.visualscripting@1.6.1/Editor/VisualScripting.Core/Dependencies/DotNetZip/Unity.VisualScripting.IonicZip.dll
Native extension for OSXStandalone target not found
Refreshing native plugins compatible for Editor in 0.66 ms, found 2 plugins.
Preloading 0 native plugins for Editor in 0.00 ms.
Mono: successfully reloaded assembly
- Completed reload, in  1.242 seconds
Domain Reload Profiling:
	ReloadAssembly (1242ms)
		BeginReloadAssembly (148ms)
			ExecutionOrderSort (0ms)
			DisableScriptedObjects (6ms)
			BackupInstance (0ms)
			ReleaseScriptingObjects (0ms)
			CreateAndSetChildDomain (75ms)
		EndReloadAssembly (1026ms)
			LoadAssemblies (82ms)
			RebuildTransferFunctionScriptingTraits (0ms)
			SetupTypeCache (422ms)
			ReleaseScriptCaches (1ms)
			RebuildScriptCaches (50ms)
			SetupLoadedEditorAssemblies (349ms)
				LogAssemblyErrors (0ms)
				InitializePlatformSupportModulesInManaged (4ms)
				SetLoadedEditorAssemblies (0ms)
				RefreshPlugins (1ms)
				BeforeProcessingInitializeOnLoad (41ms)
				ProcessInitializeOnLoadAttributes (294ms)
				ProcessInitializeOnLoadMethodAttributes (6ms)
				AfterProcessingInitializeOnLoad (2ms)
				EditorAssembliesLoaded (0ms)
			ExecutionOrderSort2 (0ms)
			AwakeInstancesAfterBackupRestoration (14ms)
Platform modules already initialized, skipping
Switching build target platform(2) subTarget(0) extendedPlatform(0) -> platform(13) subTarget(65536) extendedPlatform(0)
Refreshing native plugins compatible for Editor in 0.66 ms, found 2 plugins.
Preloading 0 native plugins for Editor in 0.00 ms.
Unloading 3167 Unused Serialized files (Serialized files now loaded: 0)
System memory in use before: 271.9 MB.
System memory in use after: 272.1 MB.

Unloading 19 unused Assets to reduce memory usage. Loaded Objects now: 3713.
Total: 3.215215 ms (FindLiveObjects: 0.212142 ms CreateObjectMapping: 0.127664 ms MarkObjects: 2.859460 ms  DeleteObjects: 0.014945 ms)

AssetImportParameters requested are different than current active one (requested -> active):
  custom:video-decoder-ogg-theora: a1e56fd34408186e4bbccfd4996cb3dc -> 
  custom:container-muxer-webm: aa71ff27fc2769a1b78a27578f13a17b -> 
  custom:container-demuxer-webm: 4f35f7cbe854078d1ac9338744f61a02 -> 
  custom:container-demuxer-ogg: 62fdf1f143b41e24485cea50d1cbac27 -> 
  custom:video-encoder-webm-vp8: eb34c28f22e8b96e1ab97ce403110664 -> 
  custom:framework-osx-AVFoundation: e770b220cccbd017edd2c1fefb359320 -> 
  custom:video-decoder-webm-vp8: 9c59270c3fd7afecdb556c50c9e8de78 -> 
  custom:graphics/normal-map-encoding: 01000000000000000000000000000000 -> 02000000000000000000000000000000
  custom:audio-decoder-ogg-vorbis: bf7c407c2cedff20999df2af8eb42d56 -> 
  custom:audio-encoder-webm-vorbis: bf7c407c2cedff20999df2af8eb42d56 -> 
========================================================================
Received Import Request.
  Time since last request: 482.191061 seconds.
  path: Assets/Scripts/GameManager.cs
  artifactKey: Guid(ae312101116f5463ea3762d6d76eb42f) Importer(815301076,1909f56bfc062723c751e8b465ee728b)
Start importing Assets/Scripts/GameManager.cs using Guid(ae312101116f5463ea3762d6d76eb42f) Importer(815301076,1909f56bfc062723c751e8b465ee728b)  -> (artifact id: 'd1a05ab56ba4ec3bad016d3e54cd32d9') in 0.007014 seconds 
========================================================================
Received Prepare
Registering precompiled user dll's ...
Registered in 0.003394 seconds.
Begin MonoManager ReloadAssembly
Symbol file LoadedFromMemory doesn't match image /Users/idonghui/Desktop/unity/TurretDeffence/tabtowerdeffence/Library/PackageCache/com.unity.visualscripting@1.6.1/Editor/VisualScripting.Core/Dependencies/YamlDotNet/Unity.VisualScripting.YamlDotNet.dll
Symbol file LoadedFromMemory doesn't match image /Users/idonghui/Desktop/unity/TurretDeffence/tabtowerdeffence/Library/PackageCache/com.unity.visualscripting@1.6.1/Editor/VisualScripting.Core/Dependencies/DotNetZip/Unity.VisualScripting.IonicZip.dll
Native extension for OSXStandalone target not found
Refreshing native plugins compatible for Editor in 0.66 ms, found 2 plugins.
Preloading 0 native plugins for Editor in 0.00 ms.
Mono: successfully reloaded assembly
- Completed reload, in  1.255 seconds
Domain Reload Profiling:
	ReloadAssembly (1256ms)
		BeginReloadAssembly (149ms)
			ExecutionOrderSort (0ms)
			DisableScriptedObjects (6ms)
			BackupInstance (0ms)
			ReleaseScriptingObjects (0ms)
			CreateAndSetChildDomain (75ms)
		EndReloadAssembly (1038ms)
			LoadAssemblies (83ms)
			RebuildTransferFunctionScriptingTraits (0ms)
			SetupTypeCache (421ms)
			ReleaseScriptCaches (1ms)
			RebuildScriptCaches (53ms)
			SetupLoadedEditorAssemblies (349ms)
				LogAssemblyErrors (0ms)
				InitializePlatformSupportModulesInManaged (4ms)
				SetLoadedEditorAssemblies (0ms)
				RefreshPlugins (1ms)
				BeforeProcessingInitializeOnLoad (42ms)
				ProcessInitializeOnLoadAttributes (296ms)
				ProcessInitializeOnLoadMethodAttributes (4ms)
				AfterProcessingInitializeOnLoad (2ms)
				EditorAssembliesLoaded (0ms)
			ExecutionOrderSort2 (0ms)
			AwakeInstancesAfterBackupRestoration (13ms)
Platform modules already initialized, skipping
Switching build target platform(2) subTarget(0) extendedPlatform(0) -> platform(13) subTarget(65536) extendedPlatform(0)
Refreshing native plugins compatible for Editor in 0.69 ms, found 2 plugins.
Preloading 0 native plugins for Editor in 0.00 ms.
Unloading 3167 Unused Serialized files (Serialized files now loaded: 0)
System memory in use before: 272.1 MB.
System memory in use after: 272.4 MB.

Unloading 19 unused Assets to reduce memory usage. Loaded Objects now: 3716.
Total: 3.314841 ms (FindLiveObjects: 0.239511 ms CreateObjectMapping: 0.132759 ms MarkObjects: 2.927778 ms  DeleteObjects: 0.014064 ms)

AssetImportParameters requested are different than current active one (requested -> active):
  custom:video-decoder-ogg-theora: a1e56fd34408186e4bbccfd4996cb3dc -> 
  custom:container-muxer-webm: aa71ff27fc2769a1b78a27578f13a17b -> 
  custom:container-demuxer-webm: 4f35f7cbe854078d1ac9338744f61a02 -> 
  custom:container-demuxer-ogg: 62fdf1f143b41e24485cea50d1cbac27 -> 
  custom:video-encoder-webm-vp8: eb34c28f22e8b96e1ab97ce403110664 -> 
  custom:framework-osx-AVFoundation: e770b220cccbd017edd2c1fefb359320 -> 
  custom:video-decoder-webm-vp8: 9c59270c3fd7afecdb556c50c9e8de78 -> 
  custom:graphics/normal-map-encoding: 01000000000000000000000000000000 -> 02000000000000000000000000000000
  custom:audio-decoder-ogg-vorbis: bf7c407c2cedff20999df2af8eb42d56 -> 
  custom:audio-encoder-webm-vorbis: bf7c407c2cedff20999df2af8eb42d56 -> 
========================================================================
Received Import Request.
  Time since last request: 189.497560 seconds.
  path: Assets/Scripts/EnemyData.cs
  artifactKey: Guid(df3509ea578a64d2aafb19aabb6ca68d) Importer(815301076,1909f56bfc062723c751e8b465ee728b)
Start importing Assets/Scripts/EnemyData.cs using Guid(df3509ea578a64d2aafb19aabb6ca68d) Importer(815301076,1909f56bfc062723c751e8b465ee728b)  -> (artifact id: 'a280835276cb7ff5822728e5f863540a') in 0.008333 seconds 
========================================================================
Received Prepare
Registering precompiled user dll's ...
Registered in 0.005972 seconds.
Begin MonoManager ReloadAssembly
Symbol file LoadedFromMemory doesn't match image /Users/idonghui/Desktop/unity/TurretDeffence/tabtowerdeffence/Library/PackageCache/com.unity.visualscripting@1.6.1/Editor/VisualScripting.Core/Dependencies/YamlDotNet/Unity.VisualScripting.YamlDotNet.dll
Symbol file LoadedFromMemory doesn't match image /Users/idonghui/Desktop/unity/TurretDeffence/tabtowerdeffence/Library/PackageCache/com.unity.visualscripting@1.6.1/Editor/VisualScripting.Core/Dependencies/DotNetZip/Unity.VisualScripting.IonicZip.dll
Native extension for OSXStandalone target not found
Refreshing native plugins compatible for Editor in 0.71 ms, found 2 plugins.
Preloading 0 native plugins for Editor in 0.00 ms.
Mono: successfully reloaded assembly
- Completed reload, in  1.386 seconds
Domain Reload Profiling:
	ReloadAssembly (1386ms)
		BeginReloadAssembly (153ms)
			ExecutionOrderSort (0ms)
			DisableScriptedObjects (7ms)
			BackupInstance (0ms)
			ReleaseScriptingObjects (0ms)
			CreateAndSetChildDomain (78ms)
		EndReloadAssembly (1147ms)
			LoadAssemblies (104ms)
			RebuildTransferFunctionScriptingTraits (0ms)
			SetupTypeCache (475ms)
			ReleaseScriptCaches (1ms)
			RebuildScriptCaches (51ms)
			SetupLoadedEditorAssemblies (377ms)
				LogAssemblyErrors (0ms)
				InitializePlatformSupportModulesInManaged (4ms)
				SetLoadedEditorAssemblies (0ms)
				RefreshPlugins (1ms)
				BeforeProcessingInitializeOnLoad (42ms)
				ProcessInitializeOnLoadAttributes (322ms)
				ProcessInitializeOnLoadMethodAttributes (5ms)
				AfterProcessingInitializeOnLoad (1ms)
				EditorAssembliesLoaded (0ms)
			ExecutionOrderSort2 (0ms)
			AwakeInstancesAfterBackupRestoration (14ms)
Platform modules already initialized, skipping
Switching build target platform(2) subTarget(0) extendedPlatform(0) -> platform(13) subTarget(65536) extendedPlatform(0)
Refreshing native plugins compatible for Editor in 0.66 ms, found 2 plugins.
Preloading 0 native plugins for Editor in 0.00 ms.
Unloading 3168 Unused Serialized files (Serialized files now loaded: 0)
System memory in use before: 272.4 MB.
System memory in use after: 272.6 MB.

Unloading 19 unused Assets to reduce memory usage. Loaded Objects now: 3720.
Total: 3.228659 ms (FindLiveObjects: 0.229851 ms CreateObjectMapping: 0.135572 ms MarkObjects: 2.847477 ms  DeleteObjects: 0.014722 ms)

AssetImportParameters requested are different than current active one (requested -> active):
  custom:video-decoder-ogg-theora: a1e56fd34408186e4bbccfd4996cb3dc -> 
  custom:container-muxer-webm: aa71ff27fc2769a1b78a27578f13a17b -> 
  custom:container-demuxer-webm: 4f35f7cbe854078d1ac9338744f61a02 -> 
  custom:container-demuxer-ogg: 62fdf1f143b41e24485cea50d1cbac27 -> 
  custom:video-encoder-webm-vp8: eb34c28f22e8b96e1ab97ce403110664 -> 
  custom:framework-osx-AVFoundation: e770b220cccbd017edd2c1fefb359320 -> 
  custom:video-decoder-webm-vp8: 9c59270c3fd7afecdb556c50c9e8de78 -> 
  custom:graphics/normal-map-encoding: 01000000000000000000000000000000 -> 02000000000000000000000000000000
  custom:audio-decoder-ogg-vorbis: bf7c407c2cedff20999df2af8eb42d56 -> 
  custom:audio-encoder-webm-vorbis: bf7c407c2cedff20999df2af8eb42d56 -> 
========================================================================
Received Import Request.
  Time since last request: 43.699506 seconds.
  path: Assets/Scripts/ShowUpgradeInfo.cs
  artifactKey: Guid(5aeed606ece6e485ea2fba99959592c2) Importer(815301076,1909f56bfc062723c751e8b465ee728b)
Start importing Assets/Scripts/ShowUpgradeInfo.cs using Guid(5aeed606ece6e485ea2fba99959592c2) Importer(815301076,1909f56bfc062723c751e8b465ee728b)  -> (artifact id: 'f1a6e358491db5f0644fca6a9f753f45') in 0.006895 seconds 
========================================================================
Received Import Request.
  Time since last request: 9.598903 seconds.
  path: Assets/Scripts/UpgradeData.cs
  artifactKey: Guid(1259534b90a914160928cfc6f1603c0b) Importer(815301076,1909f56bfc062723c751e8b465ee728b)
Start importing Assets/Scripts/UpgradeData.cs using Guid(1259534b90a914160928cfc6f1603c0b) Importer(815301076,1909f56bfc062723c751e8b465ee728b)  -> (artifact id: '00a243934117e5660d28842099e07027') in 0.003609 seconds 
========================================================================
Received Prepare
Registering precompiled user dll's ...
Registered in 0.003009 seconds.
Begin MonoManager ReloadAssembly
Symbol file LoadedFromMemory doesn't match image /Users/idonghui/Desktop/unity/TurretDeffence/tabtowerdeffence/Library/PackageCache/com.unity.visualscripting@1.6.1/Editor/VisualScripting.Core/Dependencies/YamlDotNet/Unity.VisualScripting.YamlDotNet.dll
Symbol file LoadedFromMemory doesn't match image /Users/idonghui/Desktop/unity/TurretDeffence/tabtowerdeffence/Library/PackageCache/com.unity.visualscripting@1.6.1/Editor/VisualScripting.Core/Dependencies/DotNetZip/Unity.VisualScripting.IonicZip.dll
Native extension for OSXStandalone target not found
Refreshing native plugins compatible for Editor in 0.69 ms, found 2 plugins.
Preloading 0 native plugins for Editor in 0.00 ms.
Mono: successfully reloaded assembly
- Completed reload, in  1.294 seconds
Domain Reload Profiling:
	ReloadAssembly (1294ms)
		BeginReloadAssembly (141ms)
			ExecutionOrderSort (0ms)
			DisableScriptedObjects (6ms)
			BackupInstance (0ms)
			ReleaseScriptingObjects (0ms)
			CreateAndSetChildDomain (72ms)
		EndReloadAssembly (1078ms)
			LoadAssemblies (95ms)
			RebuildTransferFunctionScriptingTraits (0ms)
			SetupTypeCache (449ms)
			ReleaseScriptCaches (1ms)
			RebuildScriptCaches (50ms)
			SetupLoadedEditorAssemblies (357ms)
				LogAssemblyErrors (0ms)
				InitializePlatformSupportModulesInManaged (4ms)
				SetLoadedEditorAssemblies (0ms)
				RefreshPlugins (1ms)
				BeforeProcessingInitializeOnLoad (41ms)
				ProcessInitializeOnLoadAttributes (304ms)
				ProcessInitializeOnLoadMethodAttributes (5ms)
				AfterProcessingInitializeOnLoad (2ms)
				EditorAssembliesLoaded (0ms)
			ExecutionOrderSort2 (0ms)
			AwakeInstancesAfterBackupRestoration (13ms)
Platform modules already initialized, skipping
Switching build target platform(2) subTarget(0) extendedPlatform(0) -> platform(13) subTarget(65536) extendedPlatform(0)
Refreshing native plugins compatible for Editor in 0.65 ms, found 2 plugins.
Preloading 0 native plugins for Editor in 0.00 ms.
Unloading 3168 Unused Serialized files (Serialized files now loaded: 0)
System memory in use before: 272.7 MB.
System memory in use after: 272.9 MB.

Unloading 19 unused Assets to reduce memory usage. Loaded Objects now: 3723.
Total: 3.205678 ms (FindLiveObjects: 0.222102 ms CreateObjectMapping: 0.138196 ms MarkObjects: 2.830711 ms  DeleteObjects: 0.014001 ms)

AssetImportParameters requested are different than current active one (requested -> active):
  custom:video-decoder-ogg-theora: a1e56fd34408186e4bbccfd4996cb3dc -> 
  custom:container-muxer-webm: aa71ff27fc2769a1b78a27578f13a17b -> 
  custom:container-demuxer-webm: 4f35f7cbe854078d1ac9338744f61a02 -> 
  custom:container-demuxer-ogg: 62fdf1f143b41e24485cea50d1cbac27 -> 
  custom:video-encoder-webm-vp8: eb34c28f22e8b96e1ab97ce403110664 -> 
  custom:framework-osx-AVFoundation: e770b220cccbd017edd2c1fefb359320 -> 
  custom:video-decoder-webm-vp8: 9c59270c3fd7afecdb556c50c9e8de78 -> 
  custom:graphics/normal-map-encoding: 01000000000000000000000000000000 -> 02000000000000000000000000000000
  custom:audio-decoder-ogg-vorbis: bf7c407c2cedff20999df2af8eb42d56 -> 
  custom:audio-encoder-webm-vorbis: bf7c407c2cedff20999df2af8eb42d56 -> 
========================================================================
Received Prepare
Registering precompiled user dll's ...
Registered in 0.005628 seconds.
Begin MonoManager ReloadAssembly
Symbol file LoadedFromMemory doesn't match image /Users/idonghui/Desktop/unity/TurretDeffence/tabtowerdeffence/Library/PackageCache/com.unity.visualscripting@1.6.1/Editor/VisualScripting.Core/Dependencies/YamlDotNet/Unity.VisualScripting.YamlDotNet.dll
Symbol file LoadedFromMemory doesn't match image /Users/idonghui/Desktop/unity/TurretDeffence/tabtowerdeffence/Library/PackageCache/com.unity.visualscripting@1.6.1/Editor/VisualScripting.Core/Dependencies/DotNetZip/Unity.VisualScripting.IonicZip.dll
Native extension for OSXStandalone target not found
Refreshing native plugins compatible for Editor in 0.70 ms, found 2 plugins.
Preloading 0 native plugins for Editor in 0.00 ms.
Mono: successfully reloaded assembly
- Completed reload, in  1.384 seconds
Domain Reload Profiling:
	ReloadAssembly (1385ms)
		BeginReloadAssembly (175ms)
			ExecutionOrderSort (0ms)
			DisableScriptedObjects (8ms)
			BackupInstance (0ms)
			ReleaseScriptingObjects (0ms)
			CreateAndSetChildDomain (83ms)
		EndReloadAssembly (1137ms)
			LoadAssemblies (200ms)
			RebuildTransferFunctionScriptingTraits (0ms)
			SetupTypeCache (400ms)
			ReleaseScriptCaches (1ms)
			RebuildScriptCaches (53ms)
			SetupLoadedEditorAssemblies (369ms)
				LogAssemblyErrors (0ms)
				InitializePlatformSupportModulesInManaged (4ms)
				SetLoadedEditorAssemblies (0ms)
				RefreshPlugins (1ms)
				BeforeProcessingInitializeOnLoad (42ms)
				ProcessInitializeOnLoadAttributes (316ms)
				ProcessInitializeOnLoadMethodAttributes (5ms)
				AfterProcessingInitializeOnLoad (2ms)
				EditorAssembliesLoaded (0ms)
			ExecutionOrderSort2 (0ms)
			AwakeInstancesAfterBackupRestoration (13ms)
Platform modules already initialized, skipping
Switching build target platform(2) subTarget(0) extendedPlatform(0) -> platform(13) subTarget(65536) extendedPlatform(0)
Refreshing native plugins compatible for Editor in 0.63 ms, found 2 plugins.
Preloading 0 native plugins for Editor in 0.00 ms.
Unloading 3168 Unused Serialized files (Serialized files now loaded: 0)
System memory in use before: 272.9 MB.
System memory in use after: 273.1 MB.

Unloading 19 unused Assets to reduce memory usage. Loaded Objects now: 3726.
Total: 2.759437 ms (FindLiveObjects: 0.208991 ms CreateObjectMapping: 0.127709 ms MarkObjects: 2.410021 ms  DeleteObjects: 0.012036 ms)

AssetImportParameters requested are different than current active one (requested -> active):
  custom:video-decoder-ogg-theora: a1e56fd34408186e4bbccfd4996cb3dc -> 
  custom:container-muxer-webm: aa71ff27fc2769a1b78a27578f13a17b -> 
  custom:container-demuxer-webm: 4f35f7cbe854078d1ac9338744f61a02 -> 
  custom:container-demuxer-ogg: 62fdf1f143b41e24485cea50d1cbac27 -> 
  custom:video-encoder-webm-vp8: eb34c28f22e8b96e1ab97ce403110664 -> 
  custom:framework-osx-AVFoundation: e770b220cccbd017edd2c1fefb359320 -> 
  custom:video-decoder-webm-vp8: 9c59270c3fd7afecdb556c50c9e8de78 -> 
  custom:graphics/normal-map-encoding: 01000000000000000000000000000000 -> 02000000000000000000000000000000
  custom:audio-decoder-ogg-vorbis: bf7c407c2cedff20999df2af8eb42d56 -> 
  custom:audio-encoder-webm-vorbis: bf7c407c2cedff20999df2af8eb42d56 -> 
========================================================================
Received Prepare
Registering precompiled user dll's ...
Registered in 0.003296 seconds.
Begin MonoManager ReloadAssembly
Symbol file LoadedFromMemory doesn't match image /Users/idonghui/Desktop/unity/TurretDeffence/tabtowerdeffence/Library/PackageCache/com.unity.visualscripting@1.6.1/Editor/VisualScripting.Core/Dependencies/YamlDotNet/Unity.VisualScripting.YamlDotNet.dll
Symbol file LoadedFromMemory doesn't match image /Users/idonghui/Desktop/unity/TurretDeffence/tabtowerdeffence/Library/PackageCache/com.unity.visualscripting@1.6.1/Editor/VisualScripting.Core/Dependencies/DotNetZip/Unity.VisualScripting.IonicZip.dll
Native extension for OSXStandalone target not found
Refreshing native plugins compatible for Editor in 0.71 ms, found 2 plugins.
Preloading 0 native plugins for Editor in 0.00 ms.
Mono: successfully reloaded assembly
- Completed reload, in  1.317 seconds
Domain Reload Profiling:
	ReloadAssembly (1318ms)
		BeginReloadAssembly (142ms)
			ExecutionOrderSort (0ms)
			DisableScriptedObjects (6ms)
			BackupInstance (0ms)
			ReleaseScriptingObjects (0ms)
			CreateAndSetChildDomain (71ms)
		EndReloadAssembly (1079ms)
			LoadAssemblies (90ms)
			RebuildTransferFunctionScriptingTraits (0ms)
			SetupTypeCache (446ms)
			ReleaseScriptCaches (1ms)
			RebuildScriptCaches (53ms)
			SetupLoadedEditorAssemblies (356ms)
				LogAssemblyErrors (0ms)
				InitializePlatformSupportModulesInManaged (4ms)
				SetLoadedEditorAssemblies (0ms)
				RefreshPlugins (1ms)
				BeforeProcessingInitializeOnLoad (41ms)
				ProcessInitializeOnLoadAttributes (302ms)
				ProcessInitializeOnLoadMethodAttributes (5ms)
				AfterProcessingInitializeOnLoad (2ms)
				EditorAssembliesLoaded (0ms)
			ExecutionOrderSort2 (0ms)
			AwakeInstancesAfterBackupRestoration (13ms)
Platform modules already initialized, skipping
Switching build target platform(2) subTarget(0) extendedPlatform(0) -> platform(13) subTarget(65536) extendedPlatform(0)
Refreshing native plugins compatible for Editor in 0.67 ms, found 2 plugins.
Preloading 0 native plugins for Editor in 0.00 ms.
Unloading 3168 Unused Serialized files (Serialized files now loaded: 0)
System memory in use before: 273.2 MB.
System memory in use after: 273.4 MB.

Unloading 19 unused Assets to reduce memory usage. Loaded Objects now: 3729.
Total: 3.148296 ms (FindLiveObjects: 0.212718 ms CreateObjectMapping: 0.130225 ms MarkObjects: 2.789524 ms  DeleteObjects: 0.015050 ms)

AssetImportParameters requested are different than current active one (requested -> active):
  custom:video-decoder-ogg-theora: a1e56fd34408186e4bbccfd4996cb3dc -> 
  custom:container-muxer-webm: aa71ff27fc2769a1b78a27578f13a17b -> 
  custom:container-demuxer-webm: 4f35f7cbe854078d1ac9338744f61a02 -> 
  custom:container-demuxer-ogg: 62fdf1f143b41e24485cea50d1cbac27 -> 
  custom:video-encoder-webm-vp8: eb34c28f22e8b96e1ab97ce403110664 -> 
  custom:framework-osx-AVFoundation: e770b220cccbd017edd2c1fefb359320 -> 
  custom:video-decoder-webm-vp8: 9c59270c3fd7afecdb556c50c9e8de78 -> 
  custom:graphics/normal-map-encoding: 01000000000000000000000000000000 -> 02000000000000000000000000000000
  custom:audio-decoder-ogg-vorbis: bf7c407c2cedff20999df2af8eb42d56 -> 
  custom:audio-encoder-webm-vorbis: bf7c407c2cedff20999df2af8eb42d56 -> 
========================================================================
Received Prepare
Registering precompiled user dll's ...
Registered in 0.002722 seconds.
Begin MonoManager ReloadAssembly
Symbol file LoadedFromMemory doesn't match image /Users/idonghui/Desktop/unity/TurretDeffence/tabtowerdeffence/Library/PackageCache/com.unity.visualscripting@1.6.1/Editor/VisualScripting.Core/Dependencies/YamlDotNet/Unity.VisualScripting.YamlDotNet.dll
Symbol file LoadedFromMemory doesn't match image /Users/idonghui/Desktop/unity/TurretDeffence/tabtowerdeffence/Library/PackageCache/com.unity.visualscripting@1.6.1/Editor/VisualScripting.Core/Dependencies/DotNetZip/Unity.VisualScripting.IonicZip.dll
Native extension for OSXStandalone target not found
Refreshing native plugins compatible for Editor in 0.70 ms, found 2 plugins.
Preloading 0 native plugins for Editor in 0.00 ms.
Mono: successfully reloaded assembly
- Completed reload, in  1.270 seconds
Domain Reload Profiling:
	ReloadAssembly (1270ms)
		BeginReloadAssembly (146ms)
			ExecutionOrderSort (0ms)
			DisableScriptedObjects (6ms)
			BackupInstance (0ms)
			ReleaseScriptingObjects (0ms)
			CreateAndSetChildDomain (74ms)
		EndReloadAssembly (1057ms)
			LoadAssemblies (82ms)
			RebuildTransferFunctionScriptingTraits (0ms)
			SetupTypeCache (415ms)
			ReleaseScriptCaches (1ms)
			RebuildScriptCaches (53ms)
			SetupLoadedEditorAssemblies (365ms)
				LogAssemblyErrors (0ms)
				InitializePlatformSupportModulesInManaged (4ms)
				SetLoadedEditorAssemblies (0ms)
				RefreshPlugins (1ms)
				BeforeProcessingInitializeOnLoad (43ms)
				ProcessInitializeOnLoadAttributes (310ms)
				ProcessInitializeOnLoadMethodAttributes (5ms)
				AfterProcessingInitializeOnLoad (1ms)
				EditorAssembliesLoaded (0ms)
			ExecutionOrderSort2 (0ms)
			AwakeInstancesAfterBackupRestoration (14ms)
Platform modules already initialized, skipping
Switching build target platform(2) subTarget(0) extendedPlatform(0) -> platform(13) subTarget(65536) extendedPlatform(0)
Refreshing native plugins compatible for Editor in 0.68 ms, found 2 plugins.
Preloading 0 native plugins for Editor in 0.00 ms.
Unloading 3168 Unused Serialized files (Serialized files now loaded: 0)
System memory in use before: 273.4 MB.
System memory in use after: 273.6 MB.

Unloading 19 unused Assets to reduce memory usage. Loaded Objects now: 3732.
Total: 3.401714 ms (FindLiveObjects: 0.239260 ms CreateObjectMapping: 0.151430 ms MarkObjects: 2.993517 ms  DeleteObjects: 0.016627 ms)

AssetImportParameters requested are different than current active one (requested -> active):
  custom:video-decoder-ogg-theora: a1e56fd34408186e4bbccfd4996cb3dc -> 
  custom:container-muxer-webm: aa71ff27fc2769a1b78a27578f13a17b -> 
  custom:container-demuxer-webm: 4f35f7cbe854078d1ac9338744f61a02 -> 
  custom:container-demuxer-ogg: 62fdf1f143b41e24485cea50d1cbac27 -> 
  custom:video-encoder-webm-vp8: eb34c28f22e8b96e1ab97ce403110664 -> 
  custom:framework-osx-AVFoundation: e770b220cccbd017edd2c1fefb359320 -> 
  custom:video-decoder-webm-vp8: 9c59270c3fd7afecdb556c50c9e8de78 -> 
  custom:graphics/normal-map-encoding: 01000000000000000000000000000000 -> 02000000000000000000000000000000
  custom:audio-decoder-ogg-vorbis: bf7c407c2cedff20999df2af8eb42d56 -> 
  custom:audio-encoder-webm-vorbis: bf7c407c2cedff20999df2af8eb42d56 -> 
AssetImportWorkerClient::OnTransportError - code=2 error=End of file
